yacc.py: 362:PLY: PARSE DEBUG START
yacc.py: 410:
yacc.py: 411:State  : 0
yacc.py: 435:Stack  : . LexToken(NAME,'x',6,0)
yacc.py: 445:Action : Shift and goto state 20
yacc.py: 410:
yacc.py: 411:State  : 20
yacc.py: 435:Stack  : NAME . LexToken(=,'=',6,2)
yacc.py: 445:Action : Shift and goto state 40
yacc.py: 410:
yacc.py: 411:State  : 40
yacc.py: 435:Stack  : NAME = . LexToken(INTEGER,'10',6,4)
yacc.py: 445:Action : Shift and goto state 21
yacc.py: 410:
yacc.py: 411:State  : 21
yacc.py: 435:Stack  : NAME = INTEGER . LexToken(NEWLINE,0,6,7)
yacc.py: 471:Action : Reduce rule [atom -> INTEGER] with ['10'] and goto state 28
yacc.py: 506:Result : <int @ 0x7f382a274600> (10)
yacc.py: 410:
yacc.py: 411:State  : 28
yacc.py: 435:Stack  : NAME = atom . LexToken(NEWLINE,0,6,7)
yacc.py: 471:Action : Reduce rule [factor -> atom] with [10] and goto state 27
yacc.py: 506:Result : <int @ 0x7f382a274600> (10)
yacc.py: 410:
yacc.py: 411:State  : 27
yacc.py: 435:Stack  : NAME = factor . LexToken(NEWLINE,0,6,7)
yacc.py: 471:Action : Reduce rule [term -> factor] with [10] and goto state 26
yacc.py: 506:Result : <int @ 0x7f382a274600> (10)
yacc.py: 410:
yacc.py: 411:State  : 26
yacc.py: 435:Stack  : NAME = term . LexToken(NEWLINE,0,6,7)
yacc.py: 471:Action : Reduce rule [atom_expr -> term] with [10] and goto state 25
yacc.py: 506:Result : <int @ 0x7f382a274600> (10)
yacc.py: 410:
yacc.py: 411:State  : 25
yacc.py: 435:Stack  : NAME = atom_expr . LexToken(NEWLINE,0,6,7)
yacc.py: 471:Action : Reduce rule [value_expr -> atom_expr] with [10] and goto state 65
yacc.py: 506:Result : <int @ 0x7f382a274600> (10)
yacc.py: 410:
yacc.py: 411:State  : 65
yacc.py: 435:Stack  : NAME = value_expr . LexToken(NEWLINE,0,6,7)
yacc.py: 471:Action : Reduce rule [assign_expr -> NAME = value_expr] with ['x','=',10] and goto state 18
yacc.py: 506:Result : <int @ 0x7f382a274600> (10)
yacc.py: 410:
yacc.py: 411:State  : 18
yacc.py: 435:Stack  : assign_expr . LexToken(NEWLINE,0,6,7)
yacc.py: 471:Action : Reduce rule [expr_stmt -> assign_expr] with [10] and goto state 14
yacc.py: 506:Result : <NoneType @ 0x7f382a24fa10> (None)
yacc.py: 410:
yacc.py: 411:State  : 14
yacc.py: 435:Stack  : expr_stmt . LexToken(NEWLINE,0,6,7)
yacc.py: 471:Action : Reduce rule [atom_stmt -> expr_stmt] with [None] and goto state 10
yacc.py: 506:Result : <NoneType @ 0x7f382a24fa10> (None)
yacc.py: 410:
yacc.py: 411:State  : 10
yacc.py: 435:Stack  : atom_stmt . LexToken(NEWLINE,0,6,7)
yacc.py: 471:Action : Reduce rule [atom_chain_stmt -> atom_stmt] with [None] and goto state 7
yacc.py: 506:Result : <NoneType @ 0x7f382a24fa10> (None)
yacc.py: 410:
yacc.py: 411:State  : 7
yacc.py: 435:Stack  : atom_chain_stmt . LexToken(NEWLINE,0,6,7)
yacc.py: 445:Action : Shift and goto state 33
yacc.py: 410:
yacc.py: 411:State  : 33
yacc.py: 435:Stack  : atom_chain_stmt NEWLINE . LexToken(NAME,'y',7,27)
yacc.py: 471:Action : Reduce rule [simple_stmt -> atom_chain_stmt NEWLINE] with [None,0] and goto state 5
yacc.py: 506:Result : <NoneType @ 0x7f382a24fa10> (None)
yacc.py: 410:
yacc.py: 411:State  : 5
yacc.py: 435:Stack  : simple_stmt . LexToken(NAME,'y',7,27)
yacc.py: 471:Action : Reduce rule [stmt -> simple_stmt] with [None] and goto state 3
yacc.py: 506:Result : <NoneType @ 0x7f382a24fa10> (None)
yacc.py: 410:
yacc.py: 411:State  : 3
yacc.py: 435:Stack  : stmt . LexToken(NAME,'y',7,27)
yacc.py: 471:Action : Reduce rule [file_input -> stmt] with [None] and goto state 2
yacc.py: 506:Result : <NoneType @ 0x7f382a24fa10> (None)
yacc.py: 410:
yacc.py: 411:State  : 2
yacc.py: 435:Stack  : file_input . LexToken(NAME,'y',7,27)
yacc.py: 445:Action : Shift and goto state 20
yacc.py: 410:
yacc.py: 411:State  : 20
yacc.py: 435:Stack  : file_input NAME . LexToken(=,'=',7,29)
yacc.py: 445:Action : Shift and goto state 40
yacc.py: 410:
yacc.py: 411:State  : 40
yacc.py: 435:Stack  : file_input NAME = . LexToken(STRING,'Hello World!',7,31)
yacc.py: 445:Action : Shift and goto state 66
yacc.py: 410:
yacc.py: 411:State  : 66
yacc.py: 435:Stack  : file_input NAME = STRING . LexToken(NEWLINE,0,7,45)
yacc.py: 471:Action : Reduce rule [assign_expr -> NAME = STRING] with ['y','=','Hello World!'] and goto state 18
yacc.py: 506:Result : <str @ 0x7f3829570bb0> ('Hello World!')
yacc.py: 410:
yacc.py: 411:State  : 18
yacc.py: 435:Stack  : file_input assign_expr . LexToken(NEWLINE,0,7,45)
yacc.py: 471:Action : Reduce rule [expr_stmt -> assign_expr] with ['Hello World!'] and goto state 14
yacc.py: 506:Result : <NoneType @ 0x7f382a24fa10> (None)
yacc.py: 410:
yacc.py: 411:State  : 14
yacc.py: 435:Stack  : file_input expr_stmt . LexToken(NEWLINE,0,7,45)
yacc.py: 471:Action : Reduce rule [atom_stmt -> expr_stmt] with [None] and goto state 10
yacc.py: 506:Result : <NoneType @ 0x7f382a24fa10> (None)
yacc.py: 410:
yacc.py: 411:State  : 10
yacc.py: 435:Stack  : file_input atom_stmt . LexToken(NEWLINE,0,7,45)
yacc.py: 471:Action : Reduce rule [atom_chain_stmt -> atom_stmt] with [None] and goto state 7
yacc.py: 506:Result : <NoneType @ 0x7f382a24fa10> (None)
yacc.py: 410:
yacc.py: 411:State  : 7
yacc.py: 435:Stack  : file_input atom_chain_stmt . LexToken(NEWLINE,0,7,45)
yacc.py: 445:Action : Shift and goto state 33
yacc.py: 410:
yacc.py: 411:State  : 33
yacc.py: 435:Stack  : file_input atom_chain_stmt NEWLINE . LexToken(WHILE,'while',8,46)
yacc.py: 471:Action : Reduce rule [simple_stmt -> atom_chain_stmt NEWLINE] with [None,0] and goto state 5
yacc.py: 506:Result : <NoneType @ 0x7f382a24fa10> (None)
yacc.py: 410:
yacc.py: 411:State  : 5
yacc.py: 435:Stack  : file_input simple_stmt . LexToken(WHILE,'while',8,46)
yacc.py: 471:Action : Reduce rule [stmt -> simple_stmt] with [None] and goto state 3
yacc.py: 506:Result : <NoneType @ 0x7f382a24fa10> (None)
yacc.py: 410:
yacc.py: 411:State  : 3
yacc.py: 435:Stack  : file_input stmt . LexToken(WHILE,'while',8,46)
yacc.py: 471:Action : Reduce rule [file_input -> stmt] with [None] and goto state 2
yacc.py: 506:Result : <NoneType @ 0x7f382a24fa10> (None)
yacc.py: 410:
yacc.py: 411:State  : 2
yacc.py: 435:Stack  : file_input file_input . LexToken(WHILE,'while',8,46)
yacc.py: 445:Action : Shift and goto state 13
yacc.py: 410:
yacc.py: 411:State  : 13
yacc.py: 435:Stack  : file_input file_input WHILE . LexToken(NAME,'x',8,52)
yacc.py: 445:Action : Shift and goto state 36
yacc.py: 410:
yacc.py: 411:State  : 36
yacc.py: 435:Stack  : file_input file_input WHILE NAME . LexToken(>,'>',8,54)
yacc.py: 471:Action : Reduce rule [atom -> NAME] with ['x'] and goto state 28
yacc.py: 506:Result : <int @ 0x7f382a274600> (10)
yacc.py: 410:
yacc.py: 411:State  : 28
yacc.py: 435:Stack  : file_input file_input WHILE atom . LexToken(>,'>',8,54)
yacc.py: 471:Action : Reduce rule [factor -> atom] with [10] and goto state 27
yacc.py: 506:Result : <int @ 0x7f382a274600> (10)
yacc.py: 410:
yacc.py: 411:State  : 27
yacc.py: 435:Stack  : file_input file_input WHILE factor . LexToken(>,'>',8,54)
yacc.py: 471:Action : Reduce rule [term -> factor] with [10] and goto state 26
yacc.py: 506:Result : <int @ 0x7f382a274600> (10)
yacc.py: 410:
yacc.py: 411:State  : 26
yacc.py: 435:Stack  : file_input file_input WHILE term . LexToken(>,'>',8,54)
yacc.py: 471:Action : Reduce rule [atom_expr -> term] with [10] and goto state 25
yacc.py: 506:Result : <int @ 0x7f382a274600> (10)
yacc.py: 410:
yacc.py: 411:State  : 25
yacc.py: 435:Stack  : file_input file_input WHILE atom_expr . LexToken(>,'>',8,54)
yacc.py: 445:Action : Shift and goto state 45
yacc.py: 410:
yacc.py: 411:State  : 45
yacc.py: 435:Stack  : file_input file_input WHILE atom_expr > . LexToken(INTEGER,'0',8,56)
yacc.py: 471:Action : Reduce rule [compare_op -> >] with ['>'] and goto state 43
yacc.py: 506:Result : <str @ 0x7f38298958b8> ('>')
yacc.py: 410:
yacc.py: 411:State  : 43
yacc.py: 435:Stack  : file_input file_input WHILE atom_expr compare_op . LexToken(INTEGER,'0',8,56)
yacc.py: 445:Action : Shift and goto state 21
yacc.py: 410:
yacc.py: 411:State  : 21
yacc.py: 435:Stack  : file_input file_input WHILE atom_expr compare_op INTEGER . LexToken(:,':',8,57)
yacc.py: 471:Action : Reduce rule [atom -> INTEGER] with ['0'] and goto state 28
yacc.py: 506:Result : <int @ 0x7f382a2744c0> (0)
yacc.py: 410:
yacc.py: 411:State  : 28
yacc.py: 435:Stack  : file_input file_input WHILE atom_expr compare_op atom . LexToken(:,':',8,57)
yacc.py: 471:Action : Reduce rule [factor -> atom] with [0] and goto state 27
yacc.py: 506:Result : <int @ 0x7f382a2744c0> (0)
yacc.py: 410:
yacc.py: 411:State  : 27
yacc.py: 435:Stack  : file_input file_input WHILE atom_expr compare_op factor . LexToken(:,':',8,57)
yacc.py: 471:Action : Reduce rule [term -> factor] with [0] and goto state 26
yacc.py: 506:Result : <int @ 0x7f382a2744c0> (0)
yacc.py: 410:
yacc.py: 411:State  : 26
yacc.py: 435:Stack  : file_input file_input WHILE atom_expr compare_op term . LexToken(:,':',8,57)
yacc.py: 471:Action : Reduce rule [atom_expr -> term] with [0] and goto state 25
yacc.py: 506:Result : <int @ 0x7f382a2744c0> (0)
yacc.py: 410:
yacc.py: 411:State  : 25
yacc.py: 435:Stack  : file_input file_input WHILE atom_expr compare_op atom_expr . LexToken(:,':',8,57)
yacc.py: 471:Action : Reduce rule [value_expr -> atom_expr] with [0] and goto state 69
yacc.py: 506:Result : <int @ 0x7f382a2744c0> (0)
yacc.py: 410:
yacc.py: 411:State  : 69
yacc.py: 435:Stack  : file_input file_input WHILE atom_expr compare_op value_expr . LexToken(:,':',8,57)
yacc.py: 471:Action : Reduce rule [value_expr -> atom_expr compare_op value_expr] with [10,'>',0] and goto state 37
yacc.py: 506:Result : <bool @ 0x7f382a256b60> (True)
yacc.py: 410:
yacc.py: 411:State  : 37
yacc.py: 435:Stack  : file_input file_input WHILE value_expr . LexToken(:,':',8,57)
yacc.py: 445:Action : Shift and goto state 58
yacc.py: 410:
yacc.py: 411:State  : 58
yacc.py: 435:Stack  : file_input file_input WHILE value_expr : . LexToken(NEWLINE,2,8,58)
yacc.py: 445:Action : Shift and goto state 78
yacc.py: 410:
yacc.py: 411:State  : 78
yacc.py: 435:Stack  : file_input file_input WHILE value_expr : NEWLINE . LexToken(NAME,'x',9,61)
yacc.py: 580:Error  : file_input file_input WHILE value_expr : NEWLINE . LexToken(NAME,'x',9,61)
